C:\gg\dev\src\Sandbox\EffectiveCpp\Chapter6\Debug\Chapter6.exe.embed.manifest
C:\GG\DEV\SRC\SANDBOX\EFFECTIVECPP\CHAPTER6\DEBUG\CHAPTER6.EXE.EMBED.MANIFEST.RES
C:\gg\dev\src\Sandbox\EffectiveCpp\Chapter6\Debug\Chapter6.exe.intermediate.manifest
C:\GG\DEV\SRC\SANDBOX\EFFECTIVECPP\CHAPTER6\DEBUG\CHAPTER6.OBJ
C:\GG\DEV\SRC\SANDBOX\EFFECTIVECPP\CHAPTER6\DEBUG\CHAPTER6.PCH
C:\gg\dev\src\Sandbox\EffectiveCpp\Chapter6\Debug\Chapter6.write.1.tlog
C:\gg\dev\src\Sandbox\EffectiveCpp\Chapter6\Debug\Chapter6_manifest.rc
C:\gg\dev\src\Sandbox\EffectiveCpp\Chapter6\Debug\cl.command.1.tlog
C:\gg\dev\src\Sandbox\EffectiveCpp\Chapter6\Debug\CL.read.1.tlog
C:\gg\dev\src\Sandbox\EffectiveCpp\Chapter6\Debug\CL.write.1.tlog
C:\gg\dev\src\Sandbox\EffectiveCpp\Chapter6\Debug\link.command.1.tlog
C:\gg\dev\src\Sandbox\EffectiveCpp\Chapter6\Debug\link.read.1.tlog
C:\gg\dev\src\Sandbox\EffectiveCpp\Chapter6\Debug\link.write.1.tlog
C:\gg\dev\src\Sandbox\EffectiveCpp\Chapter6\Debug\link-cvtres.read.1.tlog
C:\gg\dev\src\Sandbox\EffectiveCpp\Chapter6\Debug\link-cvtres.write.1.tlog
C:\gg\dev\src\Sandbox\EffectiveCpp\Chapter6\Debug\rc.command.1.tlog
C:\gg\dev\src\Sandbox\EffectiveCpp\Chapter6\Debug\rc.read.1.tlog
C:\gg\dev\src\Sandbox\EffectiveCpp\Chapter6\Debug\rc.write.1.tlog
C:\GG\DEV\SRC\SANDBOX\EFFECTIVECPP\CHAPTER6\DEBUG\STDAFX.OBJ
C:\gg\dev\src\Sandbox\EffectiveCpp\Chapter6\Debug\vc100.idb
C:\GG\DEV\SRC\SANDBOX\EFFECTIVECPP\CHAPTER6\DEBUG\VC100.PDB
C:\gg\dev\src\Sandbox\EffectiveCpp\Debug\Chapter6.pdb
